PRT1
240
734
4 0 90 (-704 1024 402 ) (-704 1024 186 ) (-642 1024 186 ) (-642 1024 402 ) 
4 0 74 (-642 1024 186 ) (-572 1024 186 ) (-572 1024 402 ) (-642 1024 402 ) 
4 0 73 (-572 1024 186 ) (-543 1024 186 ) (-543 1024 402 ) (-572 1024 402 ) 
4 0 71 (-543 1024 186 ) (-483 1024 186 ) (-483 1024 402 ) (-543 1024 402 ) 
4 0 70 (-483 1024 186 ) (-304 1024 186 ) (-304 1024 402 ) (-483 1024 402 ) 
4 0 68 (-304 1024 186 ) (-192 1024 186 ) (-192 1024 402 ) (-304 1024 402 ) 
4 0 19 (-704 1497 186 ) (-704 1024 186 ) (-704 1024 402 ) (-704 1497 402 ) 
4 0 18 (-704 1664 402 ) (-704 1664 186 ) (-704 1497 186 ) (-704 1497 402 ) 
4 0 17 (-704 1024 186 ) (-704 1175 186 ) (-594 1175 186 ) (-594 1024 186 ) 
4 0 15 (-704 1225 186 ) (-704 1602 186 ) (-594 1602 186 ) (-594 1225 186 ) 
4 0 14 (-704 1602 186 ) (-704 1664 186 ) (-594 1664 186 ) (-594 1602 186 ) 
4 0 12 (-483 1024 186 ) (-543 1024 186 ) (-543 1045 186 ) (-483 1045 186 ) 
4 0 11 (-192 1045 186 ) (-192 1024 186 ) (-483 1024 186 ) (-483 1045 186 ) 
4 0 13 (-543 1024 186 ) (-594 1024 186 ) (-594 1045 186 ) (-543 1045 186 ) 
4 0 9 (-594 1225 186 ) (-594 1529 186 ) (-431 1529 186 ) (-431 1225 186 ) 
4 0 10 (-431 1045 186 ) (-594 1045 186 ) (-594 1175 186 ) (-431 1175 186 ) 
4 0 8 (-192 1529 186 ) (-192 1045 186 ) (-431 1045 186 ) (-431 1529 186 ) 
4 0 7 (-464 1603 186 ) (-464 1529 186 ) (-594 1529 186 ) (-594 1603 186 ) 
4 0 5 (-594 1664 186 ) (-464 1664 186 ) (-464 1603 186 ) (-594 1603 186 ) 
4 0 3 (-340 1663 186 ) (-340 1529 186 ) (-464 1529 186 ) (-464 1663 186 ) 
4 0 2 (-464 1664 186 ) (-340 1664 186 ) (-340 1663 186 ) (-464 1663 186 ) 
4 0 1 (-340 1664 186 ) (-192 1664 186 ) (-192 1529 186 ) (-340 1529 186 ) 
4 1 8 (-192 1529 168 ) (-192 1529 186 ) (-340 1529 186 ) (-340 1529 168 ) 
4 1 3 (-340 1529 168 ) (-340 1529 186 ) (-340 1663 186 ) (-340 1663 168 ) 
4 1 2 (-340 1663 186 ) (-340 1664 186 ) (-340 1664 168 ) (-340 1663 168 ) 
4 2 5 (-464 1663 186 ) (-464 1664 186 ) (-464 1664 48 ) (-464 1663 48 ) 
4 2 6 (-464 1664 -31 ) (-464 1664 -32 ) (-464 1663 -32 ) (-464 1663 -31 ) 
4 2 3 (-464 1663 186 ) (-464 1663 48 ) (-340 1663 48 ) (-340 1663 186 ) 
4 2 4 (-464 1663 -31 ) (-464 1663 -32 ) (-340 1663 -32 ) (-340 1663 -31 ) 
4 3 9 (-431 1529 186 ) (-464 1529 186 ) (-464 1529 48 ) (-431 1529 48 ) 
4 3 8 (-340 1529 48 ) (-340 1529 186 ) (-431 1529 186 ) (-431 1529 48 ) 
4 3 7 (-464 1529 48 ) (-464 1529 186 ) (-464 1603 186 ) (-464 1603 48 ) 
4 3 5 (-464 1603 186 ) (-464 1663 186 ) (-464 1663 48 ) (-464 1603 48 ) 
4 4 9 (-464 1529 -32 ) (-431 1529 -32 ) (-431 1529 -31 ) (-464 1529 -31 ) 
4 4 8 (-431 1529 -32 ) (-340 1529 -32 ) (-340 1529 -31 ) (-431 1529 -31 ) 
4 4 6 (-464 1603 -31 ) (-464 1663 -31 ) (-464 1663 -32 ) (-464 1603 -32 ) 
4 5 14 (-594 1603 186 ) (-594 1664 186 ) (-594 1664 24 ) (-594 1603 24 ) 
4 5 7 (-594 1603 186 ) (-594 1603 48 ) (-464 1603 48 ) (-464 1603 186 ) 
4 7 15 (-594 1529 186 ) (-594 1602 186 ) (-594 1602 48 ) (-594 1529 48 ) 
4 7 14 (-594 1602 186 ) (-594 1603 186 ) (-594 1603 48 ) (-594 1602 48 ) 
4 7 9 (-594 1529 186 ) (-594 1529 48 ) (-464 1529 48 ) (-464 1529 186 ) 
4 8 11 (-431 1045 -32 ) (-192 1045 -32 ) (-192 1045 186 ) (-431 1045 186 ) 
4 8 9 (-431 1529 186 ) (-431 1529 -32 ) (-431 1225 -32 ) (-431 1225 186 ) 
4 8 10 (-431 1175 -32 ) (-431 1045 -32 ) (-431 1045 186 ) (-431 1175 186 ) 
5 9 15 (-594 1225 186 ) (-594 1529 186 ) (-594 1529 -6.884628 ) (-594 1472 -31 ) (-594 1225 -31 ) 
4 9 16 (-594 1529 -31 ) (-594 1529 -32 ) (-594 1225 -32 ) (-594 1225 -31 ) 
4 10 17 (-594 1045 186 ) (-594 1175 186 ) (-594 1175 -32 ) (-594 1045 -32 ) 
4 10 12 (-483 1045 18 ) (-483 1045 186 ) (-543 1045 186 ) (-543 1045 18 ) 
4 10 11 (-483 1045 -32 ) (-431 1045 -32 ) (-431 1045 186 ) (-483 1045 186 ) 
4 10 13 (-594 1045 186 ) (-594 1045 -32 ) (-543 1045 -32 ) (-543 1045 186 ) 
4 11 70 (-483 1024 -32 ) (-304 1024 -32 ) (-304 1024 186 ) (-483 1024 186 ) 
4 11 68 (-304 1024 -32 ) (-192 1024 -32 ) (-192 1024 186 ) (-304 1024 186 ) 
4 11 12 (-483 1045 186 ) (-483 1045 18 ) (-483 1024 18 ) (-483 1024 186 ) 
4 12 71 (-483 1024 18 ) (-483 1024 186 ) (-543 1024 186 ) (-543 1024 18 ) 
4 12 13 (-543 1045 186 ) (-543 1045 18 ) (-543 1024 18 ) (-543 1024 186 ) 
4 13 74 (-594 1024 -32 ) (-572 1024 -32 ) (-572 1024 186 ) (-594 1024 186 ) 
4 13 73 (-572 1024 -32 ) (-543 1024 -32 ) (-543 1024 186 ) (-572 1024 186 ) 
4 13 17 (-594 1024 186 ) (-594 1045 186 ) (-594 1045 -32 ) (-594 1024 -32 ) 
4 14 18 (-704 1664 186 ) (-704 1664 168 ) (-704 1602 168 ) (-704 1602 186 ) 
4 14 15 (-594 1602 24 ) (-594 1602 186 ) (-704 1602 186 ) (-704 1602 24 ) 
4 15 20 (-704 1472 186 ) (-704 1497 186 ) (-704 1497 168 ) (-704 1472 168 ) 
3 15 21 (-704 1472.579956 -30.754646 ) (-704 1472 -31 ) (-704 1472 -30.754646 ) 
4 15 22 (-704 1225 -31 ) (-704 1225 186 ) (-704 1472 186 ) (-704 1472 -31 ) 
4 15 18 (-704 1497 186 ) (-704 1602 186 ) (-704 1602 168 ) (-704 1497 168 ) 
4 15 16 (-594 1225 -31 ) (-704 1225 -31 ) (-704 1472 -31 ) (-594 1472 -31 ) 
4 16 21 (-704 1497 -32 ) (-704 1472 -32 ) (-704 1472 -31 ) (-704 1497 -31 ) 
4 16 22 (-704 1472 -32 ) (-704 1225 -32 ) (-704 1225 -31 ) (-704 1472 -31 ) 
4 17 94 (-704 1024 186 ) (-704 1024 -32 ) (-642 1024 -32 ) (-642 1024 186 ) 
4 17 74 (-642 1024 -32 ) (-594 1024 -32 ) (-594 1024 186 ) (-642 1024 186 ) 
4 17 24 (-704 1175 -32 ) (-704 1024 -32 ) (-704 1024 186 ) (-704 1175 186 ) 
4 18 29 (-1024 1664 258 ) (-1024 1664 168 ) (-1024 1497 168 ) (-1024 1497 258 ) 
4 18 28 (-1024 1664 402 ) (-1024 1664 258 ) (-1024 1497 258 ) (-1024 1497 402 ) 
4 18 20 (-1024 1497 186 ) (-1024 1497 168 ) (-704 1497 168 ) (-704 1497 186 ) 
4 18 19 (-1024 1497 402 ) (-1024 1497 186 ) (-704 1497 186 ) (-704 1497 402 ) 
4 19 91 (-761 1024 186 ) (-711 1024 186 ) (-711 1024 402 ) (-761 1024 402 ) 
4 19 90 (-711 1024 186 ) (-704 1024 186 ) (-704 1024 402 ) (-711 1024 402 ) 
4 19 93 (-1024 1024 402 ) (-1024 1024 186 ) (-761 1024 186 ) (-761 1024 402 ) 
4 19 29 (-1024 1024 186 ) (-1024 1024 258 ) (-1024 1497 258 ) (-1024 1497 186 ) 
4 19 28 (-1024 1024 258 ) (-1024 1024 402 ) (-1024 1497 402 ) (-1024 1497 258 ) 
4 19 26 (-928 1024 186 ) (-1024 1024 186 ) (-1024 1225 186 ) (-928 1225 186 ) 
4 19 24 (-704 1175 186 ) (-704 1024 186 ) (-711 1024 186 ) (-711 1175 186 ) 
4 19 25 (-761 1024 186 ) (-928 1024 186 ) (-928 1175 186 ) (-761 1175 186 ) 
4 19 23 (-761 1175 186 ) (-928 1175 186 ) (-928 1225 186 ) (-761 1225 186 ) 
4 19 20 (-1024 1497 186 ) (-704 1497 186 ) (-704 1472 186 ) (-1024 1472 186 ) 
4 19 22 (-704 1472 186 ) (-704 1225 186 ) (-1024 1225 186 ) (-1024 1472 186 ) 
4 20 29 (-1024 1472 186 ) (-1024 1497 186 ) (-1024 1497 168 ) (-1024 1472 168 ) 
4 20 22 (-704 1472 168 ) (-704 1472 186 ) (-1024 1472 186 ) (-1024 1472 168 ) 
4 21 37 (-1024 1497 -30.754646 ) (-1024 1497 -32 ) (-1024 1472 -32 ) (-1024 1472 -30.754646 ) 
4 21 22 (-1024 1472 -32 ) (-704 1472 -32 ) (-704 1472 -30.754646 ) (-1024 1472 -30.754646 ) 
4 22 43 (-1024 1472 128 ) (-1024 1472 -32 ) (-1024 1225 -32 ) (-1024 1225 128 ) 
4 22 29 (-1024 1225 186 ) (-1024 1472 186 ) (-1024 1472 128 ) (-1024 1225 128 ) 
4 22 27 (-1024 1225 -32 ) (-928 1225 -32 ) (-928 1225 128 ) (-1024 1225 128 ) 
4 22 26 (-928 1225 128 ) (-928 1225 186 ) (-1024 1225 186 ) (-1024 1225 128 ) 
4 22 23 (-928 1225 -32 ) (-761 1225 -32 ) (-761 1225 186 ) (-928 1225 186 ) 
4 23 27 (-928 1225 128 ) (-928 1225 -32 ) (-928 1200 -32 ) (-928 1200 128 ) 
4 23 26 (-928 1225 186 ) (-928 1225 128 ) (-928 1175 128 ) (-928 1175 186 ) 
4 23 25 (-928 1175 186 ) (-928 1175 -32 ) (-761 1175 -32 ) (-761 1175 186 ) 
4 24 94 (-711 1024 -32 ) (-704 1024 -32 ) (-704 1024 186 ) (-711 1024 186 ) 
4 25 97 (-928 1024 -32 ) (-761 1024 -32 ) (-761 1024 128 ) (-928 1024 128 ) 
4 25 96 (-761 1024 128 ) (-761 1024 186 ) (-928 1024 186 ) (-928 1024 128 ) 
4 25 26 (-928 1024 128 ) (-928 1024 186 ) (-928 1175 186 ) (-928 1175 128 ) 
4 26 96 (-1024 1024 186 ) (-1024 1024 128 ) (-928 1024 128 ) (-928 1024 186 ) 
4 26 29 (-1024 1024 128 ) (-1024 1024 186 ) (-1024 1225 186 ) (-1024 1225 128 ) 
4 26 27 (-1024 1200 128 ) (-1024 1225 128 ) (-928 1225 128 ) (-928 1200 128 ) 
4 27 43 (-1024 1200 128 ) (-1024 1225 128 ) (-1024 1225 -32 ) (-1024 1200 -32 ) 
4 28 164 (-1703 1024 402 ) (-2048 1024 402 ) (-2048 1024 258 ) (-1703 1024 258 ) 
4 28 155 (-1433 1024 402 ) (-1703 1024 402 ) (-1703 1024 258 ) (-1433 1024 258 ) 
4 28 152 (-1024 1024 258 ) (-1024 1024 402 ) (-1433 1024 402 ) (-1433 1024 258 ) 
4 28 64 (-2048 1024 258 ) (-2048 1024 402 ) (-2048 1344 402 ) (-2048 1344 258 ) 
4 28 62 (-2048 1344 402 ) (-2048 1392 402 ) (-2048 1392 258 ) (-2048 1344 258 ) 
4 28 61 (-2048 1392 402 ) (-2048 1472 402 ) (-2048 1472 258 ) (-2048 1392 258 ) 
4 28 59 (-2048 1472 402 ) (-2048 1664 402 ) (-2048 1664 258 ) (-2048 1472 258 ) 
4 28 34 (-1738 1024 258 ) (-2048 1024 258 ) (-2048 1472 258 ) (-1738 1472 258 ) 
4 28 29 (-1024 1024 258 ) (-1408 1024 258 ) (-1408 1664 258 ) (-1024 1664 258 ) 
4 29 153 (-1024 1024 128 ) (-1024 1024 258 ) (-1408 1024 258 ) (-1408 1024 128 ) 
4 29 45 (-1408 1200 128 ) (-1408 1424 128 ) (-1344 1424 128 ) (-1344 1200 128 ) 
4 29 44 (-1408 1424 128 ) (-1408 1472 128 ) (-1344 1472 128 ) (-1344 1424 128 ) 
4 29 43 (-1024 1472 128 ) (-1024 1200 128 ) (-1344 1200 128 ) (-1344 1472 128 ) 
4 29 37 (-1024 1512 128 ) (-1024 1472 128 ) (-1408 1472 128 ) (-1408 1512 128 ) 
4 29 35 (-1024 1664 128 ) (-1024 1512 128 ) (-1408 1512 128 ) (-1408 1664 128 ) 
4 30 60 (-2048 1664 128 ) (-2048 1512 128 ) (-2048 1512 233 ) (-2048 1664 233 ) 
4 30 36 (-2048 1512 128 ) (-2048 1664 128 ) (-1433 1664 128 ) (-1433 1512 128 ) 
4 30 31 (-2048 1512 128 ) (-1738 1512 128 ) (-1738 1512 233 ) (-2048 1512 233 ) 
4 31 60 (-2048 1512 128 ) (-2048 1472 128 ) (-2048 1472 233 ) (-2048 1512 233 ) 
4 31 42 (-2048 1472 128 ) (-2048 1512 128 ) (-1738 1512 128 ) (-1738 1472 128 ) 
4 31 34 (-2048 1472 128 ) (-1738 1472 128 ) (-1738 1472 233 ) (-2048 1472 233 ) 
4 32 47 (-1536 1472 128 ) (-1433 1472 128 ) (-1433 1200 128 ) (-1536 1200 128 ) 
4 32 49 (-1703 1472 128 ) (-1536 1472 128 ) (-1536 1200 128 ) (-1703 1200 128 ) 
4 32 33 (-1433 1200 128 ) (-1433 1200 153 ) (-1703 1200 153 ) (-1703 1200 128 ) 
4 33 156 (-1536 1024 128 ) (-1433 1024 128 ) (-1433 1024 153 ) (-1536 1024 153 ) 
4 33 158 (-1703 1024 153 ) (-1703 1024 128 ) (-1536 1024 128 ) (-1536 1024 153 ) 
4 33 48 (-1433 1080 128 ) (-1433 1024 128 ) (-1536 1024 128 ) (-1536 1080 128 ) 
4 33 47 (-1433 1200 128 ) (-1433 1080 128 ) (-1536 1080 128 ) (-1536 1200 128 ) 
4 33 49 (-1536 1024 128 ) (-1703 1024 128 ) (-1703 1200 128 ) (-1536 1200 128 ) 
4 34 166 (-2030 1024 258 ) (-2048 1024 258 ) (-2048 1024 128 ) (-2030 1024 128 ) 
4 34 165 (-1738 1024 258 ) (-2030 1024 258 ) (-2030 1024 128 ) (-1738 1024 128 ) 
4 34 64 (-2048 1024 128 ) (-2048 1024 258 ) (-2048 1344 258 ) (-2048 1344 128 ) 
4 34 62 (-2048 1344 258 ) (-2048 1392 258 ) (-2048 1392 128 ) (-2048 1344 128 ) 
4 34 61 (-2048 1392 258 ) (-2048 1472 258 ) (-2048 1472 128 ) (-2048 1392 128 ) 
4 34 56 (-1872 1088 128 ) (-1872 1028 128 ) (-1952 1028 128 ) (-1952 1088 128 ) 
4 34 55 (-1952 1344 128 ) (-1872 1344 128 ) (-1872 1088 128 ) (-1952 1088 128 ) 
4 34 57 (-1872 1028 128 ) (-1872 1024 128 ) (-1952 1024 128 ) (-1952 1028 128 ) 
4 34 54 (-1872 1344 128 ) (-1810 1344 128 ) (-1810 1024 128 ) (-1872 1024 128 ) 
4 34 58 (-2048 1024 128 ) (-2048 1344 128 ) (-1952 1344 128 ) (-1952 1024 128 ) 
4 34 51 (-1810 1344 128 ) (-1738 1344 128 ) (-1738 1072 128 ) (-1810 1072 128 ) 
4 34 53 (-1738 1072 128 ) (-1738 1024 128 ) (-1810 1024 128 ) (-1810 1072 128 ) 
4 34 50 (-2048 1392 128 ) (-2048 1472 128 ) (-1738 1472 128 ) (-1738 1392 128 ) 
4 35 37 (-1408 1512 -32 ) (-1024 1512 -32 ) (-1024 1512 128 ) (-1408 1512 128 ) 
4 36 60 (-2048 1512 128 ) (-2048 1664 128 ) (-2048 1664 -32 ) (-2048 1512 -32 ) 
4 36 42 (-2048 1512 -32 ) (-1738 1512 -32 ) (-1738 1512 128 ) (-2048 1512 128 ) 
6 36 41 (-1618 1512 -32 ) (-1512 1512 -32 ) (-1512 1512 63 ) (-1527.418213 1512 79 ) (-1602.581909 1512 79 ) (-1618 1512 63 ) 
3 36 38 (-1587.360107 1512 79 ) (-1542.540161 1512 79 ) (-1564.889771 1512 102 ) 
4 37 44 (-1408 1472 -32 ) (-1344 1472 -32 ) (-1344 1472 128 ) (-1408 1472 128 ) 
4 37 43 (-1344 1472 -32 ) (-1024 1472 -32 ) (-1024 1472 128 ) (-1344 1472 128 ) 
4 38 41 (-1587.360107 1512 79 ) (-1542.540161 1512 79 ) (-1542.540161 1510.400146 79 ) (-1587.360107 1510.400146 79 ) 
4 38 39 (-1587.360107 1510.400146 79 ) (-1542.540161 1510.400146 79 ) (-1558.821777 1510.400146 95.755211 ) (-1570.990601 1510.400146 95.755211 ) 
4 39 41 (-1542.540161 1473.599976 79 ) (-1587.360107 1473.599976 79 ) (-1587.360107 1510.400146 79 ) (-1542.540161 1510.400146 79 ) 
4 39 40 (-1587.360107 1473.599976 79 ) (-1542.540161 1473.599976 79 ) (-1558.821777 1473.599976 95.755211 ) (-1570.990479 1473.599976 95.755211 ) 
3 40 49 (-1587.360107 1472 79 ) (-1542.540161 1472 79 ) (-1564.889771 1472 102 ) 
4 40 41 (-1542.540161 1472 79 ) (-1587.360107 1472 79 ) (-1587.360107 1473.599976 79 ) (-1542.540161 1473.599976 79 ) 
5 41 47 (-1536 1472 -32 ) (-1512 1472 -32 ) (-1512 1472 63 ) (-1527.418213 1472 79 ) (-1536 1472 79 ) 
5 41 49 (-1618 1472 -32 ) (-1536 1472 -32 ) (-1536 1472 79 ) (-1602.581909 1472 79 ) (-1618 1472 63 ) 
4 42 60 (-2048 1472 128 ) (-2048 1512 128 ) (-2048 1512 -32 ) (-2048 1472 -32 ) 
4 42 50 (-2048 1472 -32 ) (-1738 1472 -32 ) (-1738 1472 128 ) (-2048 1472 128 ) 
4 43 45 (-1344 1424 -32 ) (-1344 1200 -32 ) (-1344 1200 128 ) (-1344 1424 128 ) 
4 43 44 (-1344 1472 128 ) (-1344 1472 -32 ) (-1344 1424 -32 ) (-1344 1424 128 ) 
4 44 45 (-1408 1424 -32 ) (-1344 1424 -32 ) (-1344 1424 128 ) (-1408 1424 128 ) 
4 45 46 (-1408 1424 103 ) (-1408 1424 -32 ) (-1408 1200 -32 ) (-1408 1200 103 ) 
4 46 47 (-1433 1424 -32 ) (-1433 1200 -32 ) (-1433 1200 103 ) (-1433 1424 103 ) 
4 47 48 (-1536 1080 128 ) (-1536 1080 26 ) (-1433 1080 26 ) (-1433 1080 128 ) 
4 47 49 (-1536 1472 128 ) (-1536 1472 -32 ) (-1536 1080 -32 ) (-1536 1080 128 ) 
4 48 156 (-1433 1024 128 ) (-1536 1024 128 ) (-1536 1024 26 ) (-1433 1024 26 ) 
4 48 49 (-1536 1024 26 ) (-1536 1024 128 ) (-1536 1080 128 ) (-1536 1080 26 ) 
4 49 158 (-1536 1024 128 ) (-1703 1024 128 ) (-1703 1024 -32 ) (-1536 1024 -32 ) 
4 50 61 (-2048 1392 128 ) (-2048 1472 128 ) (-2048 1472 -32 ) (-2048 1392 -32 ) 
4 51 54 (-1810 1344 128 ) (-1810 1344 120 ) (-1810 1072 120 ) (-1810 1072 128 ) 
4 51 53 (-1810 1072 128 ) (-1810 1072 120 ) (-1738 1072 120 ) (-1738 1072 128 ) 
4 51 52 (-1738 1072 120 ) (-1810 1072 120 ) (-1810 1344 120 ) (-1738 1344 120 ) 
4 52 54 (-1810 1344 120 ) (-1810 1344 -32 ) (-1810 1072 -32 ) (-1810 1072 120 ) 
4 52 53 (-1810 1072 120 ) (-1810 1072 -32 ) (-1738 1072 -32 ) (-1738 1072 120 ) 
4 53 165 (-1738 1024 128 ) (-1810 1024 128 ) (-1810 1024 -32 ) (-1738 1024 -32 ) 
4 53 54 (-1810 1072 -32 ) (-1810 1024 -32 ) (-1810 1024 128 ) (-1810 1072 128 ) 
4 54 165 (-1810 1024 128 ) (-1872 1024 128 ) (-1872 1024 -32 ) (-1810 1024 -32 ) 
4 54 56 (-1872 1028 46 ) (-1872 1028 128 ) (-1872 1088 128 ) (-1872 1088 46 ) 
4 54 55 (-1872 1344 128 ) (-1872 1344 -32 ) (-1872 1088 -32 ) (-1872 1088 128 ) 
4 54 57 (-1872 1028 -32 ) (-1872 1024 -32 ) (-1872 1024 128 ) (-1872 1028 128 ) 
4 55 56 (-1952 1088 128 ) (-1952 1088 46 ) (-1872 1088 46 ) (-1872 1088 128 ) 
4 55 58 (-1952 1344 128 ) (-1952 1344 -32 ) (-1952 1088 -32 ) (-1952 1088 128 ) 
4 56 58 (-1952 1028 46 ) (-1952 1028 128 ) (-1952 1088 128 ) (-1952 1088 46 ) 
4 56 57 (-1952 1028 128 ) (-1952 1028 46 ) (-1872 1028 46 ) (-1872 1028 128 ) 
4 57 165 (-1872 1024 128 ) (-1952 1024 128 ) (-1952 1024 -32 ) (-1872 1024 -32 ) 
4 57 58 (-1952 1028 -32 ) (-1952 1024 -32 ) (-1952 1024 128 ) (-1952 1028 128 ) 
4 58 166 (-2030 1024 128 ) (-2048 1024 128 ) (-2048 1024 -32 ) (-2030 1024 -32 ) 
4 58 165 (-1952 1024 128 ) (-2030 1024 128 ) (-2030 1024 -32 ) (-1952 1024 -32 ) 
4 58 64 (-2048 1024 -32 ) (-2048 1024 128 ) (-2048 1344 128 ) (-2048 1344 -32 ) 
4 59 61 (-2048 1472 402 ) (-2088 1472 402 ) (-2088 1472 258 ) (-2048 1472 258 ) 
4 59 63 (-2088 1472 402 ) (-2240 1472 402 ) (-2240 1472 258 ) (-2088 1472 258 ) 
4 60 61 (-2088 1472 -32 ) (-2048 1472 -32 ) (-2048 1472 233 ) (-2088 1472 233 ) 
4 60 63 (-2240 1472 233 ) (-2240 1472 -32 ) (-2088 1472 -32 ) (-2088 1472 233 ) 
4 61 62 (-2088 1392 402 ) (-2088 1392 128 ) (-2048 1392 128 ) (-2048 1392 402 ) 
4 61 63 (-2088 1472 402 ) (-2088 1472 -32 ) (-2088 1392 -32 ) (-2088 1392 402 ) 
4 62 65 (-2053 1344 402 ) (-2088 1344 402 ) (-2088 1344 218 ) (-2053 1344 218 ) 
4 62 64 (-2048 1344 402 ) (-2053 1344 402 ) (-2053 1344 128 ) (-2048 1344 128 ) 
4 62 63 (-2088 1344 128 ) (-2088 1344 402 ) (-2088 1392 402 ) (-2088 1392 128 ) 
4 63 67 (-2088 1344 402 ) (-2240 1344 402 ) (-2240 1344 -32 ) (-2088 1344 -32 ) 
4 64 217 (-2048 1024 -32 ) (-2048 1024 138 ) (-2053 1024 138 ) (-2053 1024 -32 ) 
4 64 216 (-2048 1024 138 ) (-2048 1024 402 ) (-2053 1024 402 ) (-2053 1024 138 ) 
4 64 65 (-2053 1344 402 ) (-2053 1344 218 ) (-2053 1104 218 ) (-2053 1104 402 ) 
4 64 66 (-2053 1104 -32 ) (-2053 1024 -32 ) (-2053 1024 402 ) (-2053 1104 402 ) 
4 65 66 (-2088 1104 402 ) (-2088 1104 218 ) (-2053 1104 218 ) (-2053 1104 402 ) 
4 65 67 (-2088 1344 402 ) (-2088 1344 218 ) (-2088 1104 218 ) (-2088 1104 402 ) 
4 66 217 (-2088 1024 138 ) (-2088 1024 -32 ) (-2053 1024 -32 ) (-2053 1024 138 ) 
4 66 216 (-2053 1024 402 ) (-2088 1024 402 ) (-2088 1024 138 ) (-2053 1024 138 ) 
4 66 67 (-2088 1104 -32 ) (-2088 1024 -32 ) (-2088 1024 402 ) (-2088 1104 402 ) 
4 67 217 (-2240 1024 138 ) (-2240 1024 -32 ) (-2088 1024 -32 ) (-2088 1024 138 ) 
4 67 216 (-2088 1024 402 ) (-2240 1024 402 ) (-2240 1024 138 ) (-2088 1024 138 ) 
4 68 70 (-304 1024 -32 ) (-304 840 -32 ) (-304 840 402 ) (-304 1024 402 ) 
4 68 69 (-304 840 402 ) (-304 840 58 ) (-192 840 58 ) (-192 840 402 ) 
4 69 78 (-192 744 58 ) (-192 744 128 ) (-304 744 128 ) (-304 744 58 ) 
4 69 77 (-192 744 128 ) (-192 744 402 ) (-304 744 402 ) (-304 744 128 ) 
4 69 70 (-304 744 58 ) (-304 744 402 ) (-304 840 402 ) (-304 840 58 ) 
4 70 79 (-483 744 128 ) (-483 744 -32 ) (-464 744 -32 ) (-464 744 128 ) 
4 70 78 (-464 744 -32 ) (-304 744 -32 ) (-304 744 128 ) (-464 744 128 ) 
4 70 77 (-304 744 402 ) (-483 744 402 ) (-483 744 128 ) (-304 744 128 ) 
4 70 71 (-483 985 18 ) (-483 985 402 ) (-483 1024 402 ) (-483 1024 18 ) 
4 70 72 (-483 985 -32 ) (-483 744 -32 ) (-483 744 402 ) (-483 985 402 ) 
4 71 73 (-543 985 18 ) (-543 985 402 ) (-543 1024 402 ) (-543 1024 18 ) 
4 71 72 (-543 985 402 ) (-543 985 18 ) (-483 985 18 ) (-483 985 402 ) 
4 72 79 (-524 744 -32 ) (-483 744 -32 ) (-483 744 128 ) (-524 744 128 ) 
4 72 81 (-543 744 128 ) (-543 744 -32 ) (-524 744 -32 ) (-524 744 128 ) 
4 72 77 (-483 744 402 ) (-543 744 402 ) (-543 744 128 ) (-483 744 128 ) 
4 72 73 (-543 985 -32 ) (-543 744 -32 ) (-543 744 402 ) (-543 985 402 ) 
4 73 81 (-572 744 128 ) (-572 744 -32 ) (-543 744 -32 ) (-543 744 128 ) 
4 73 77 (-543 744 402 ) (-572 744 402 ) (-572 744 128 ) (-543 744 128 ) 
4 73 75 (-572 836 26 ) (-572 836 402 ) (-572 906 402 ) (-572 906 26 ) 
4 73 74 (-572 1024 -32 ) (-572 906 -32 ) (-572 906 402 ) (-572 1024 402 ) 
4 73 76 (-572 836 -32 ) (-572 744 -32 ) (-572 744 402 ) (-572 836 402 ) 
4 74 94 (-642 1024 186 ) (-642 1024 -32 ) (-642 906 -32 ) (-642 906 186 ) 
4 74 90 (-642 1024 402 ) (-642 1024 186 ) (-642 906 186 ) (-642 906 402 ) 
4 74 75 (-572 906 26 ) (-572 906 402 ) (-642 906 402 ) (-642 906 26 ) 
4 75 95 (-642 836 64 ) (-642 836 186 ) (-642 879 186 ) (-642 879 64 ) 
4 75 94 (-642 879 186 ) (-642 906 186 ) (-642 906 26 ) (-642 879 26 ) 
4 75 90 (-642 836 186 ) (-642 836 402 ) (-642 906 402 ) (-642 906 186 ) 
4 75 76 (-572 836 26 ) (-572 836 402 ) (-642 836 402 ) (-642 836 26 ) 
4 76 111 (-642 744 104 ) (-642 744 230 ) (-642 775 230 ) (-642 775 104 ) 
4 76 109 (-642 744 230 ) (-642 744 402 ) (-642 775 402 ) (-642 775 230 ) 
4 76 108 (-642 775 104 ) (-642 775 194 ) (-642 783 194 ) (-642 783 104 ) 
4 76 107 (-642 783 64 ) (-642 783 194 ) (-642 800 194 ) (-642 800 64 ) 
4 76 102 (-642 775 194 ) (-642 775 224.703003 ) (-642 800 224.703003 ) (-642 800 194 ) 
4 76 101 (-642 775 224.703003 ) (-642 775 230 ) (-642 800 230 ) (-642 800 224.703003 ) 
4 76 100 (-642 775 230 ) (-642 775 264 ) (-642 800 264 ) (-642 800 230 ) 
4 76 99 (-642 775 264 ) (-642 775 402 ) (-642 800 402 ) (-642 800 264 ) 
4 76 95 (-642 800 64 ) (-642 800 186 ) (-642 836 186 ) (-642 836 64 ) 
4 76 90 (-642 800 186 ) (-642 800 402 ) (-642 836 402 ) (-642 836 186 ) 
4 76 87 (-617 744 402 ) (-642 744 402 ) (-642 744 -32 ) (-617 744 -32 ) 
4 76 81 (-617 744 128 ) (-617 744 -32 ) (-572 744 -32 ) (-572 744 128 ) 
4 76 77 (-572 744 402 ) (-617 744 402 ) (-617 744 128 ) (-572 744 128 ) 
4 77 135 (-192 0 128 ) (-192 0 402 ) (-617 0 402 ) (-617 0 128 ) 
4 77 88 (-617 128 248 ) (-617 128 402 ) (-617 337 402 ) (-617 337 248 ) 
4 77 87 (-617 744 402 ) (-617 744 128 ) (-617 337 128 ) (-617 337 402 ) 
4 77 89 (-617 128 128 ) (-617 0 128 ) (-617 0 402 ) (-617 128 402 ) 
4 77 85 (-617 153 128 ) (-617 498 128 ) (-407 498 128 ) (-407 153 128 ) 
4 77 86 (-617 0 128 ) (-617 128 128 ) (-407 128 128 ) (-407 0 128 ) 
4 77 84 (-407 498 128 ) (-392 498 128 ) (-392 0 128 ) (-407 0 128 ) 
4 77 82 (-392 498 128 ) (-192 498 128 ) (-192 432 128 ) (-392 432 128 ) 
4 77 83 (-192 407 128 ) (-192 0 128 ) (-392 0 128 ) (-392 407 128 ) 
4 77 80 (-464 558 128 ) (-464 498 128 ) (-524 498 128 ) (-524 558 128 ) 
4 77 79 (-524 744 128 ) (-464 744 128 ) (-464 558 128 ) (-524 558 128 ) 
4 77 78 (-464 744 128 ) (-192 744 128 ) (-192 498 128 ) (-464 498 128 ) 
4 77 81 (-617 498 128 ) (-617 744 128 ) (-524 744 128 ) (-524 498 128 ) 
4 78 85 (-407 498 128 ) (-464 498 128 ) (-464 498 -32 ) (-407 498 -32 ) 
4 78 84 (-392 498 128 ) (-407 498 128 ) (-407 498 -32 ) (-392 498 -32 ) 
4 78 82 (-192 498 -32 ) (-192 498 128 ) (-392 498 128 ) (-392 498 -32 ) 
4 78 80 (-464 498 18 ) (-464 498 128 ) (-464 558 128 ) (-464 558 18 ) 
4 78 79 (-464 558 128 ) (-464 744 128 ) (-464 744 -32 ) (-464 558 -32 ) 
4 79 80 (-524 558 128 ) (-524 558 18 ) (-464 558 18 ) (-464 558 128 ) 
4 79 81 (-524 558 128 ) (-524 744 128 ) (-524 744 -32 ) (-524 558 -32 ) 
4 80 85 (-464 498 128 ) (-524 498 128 ) (-524 498 18 ) (-464 498 18 ) 
4 80 81 (-524 498 18 ) (-524 498 128 ) (-524 558 128 ) (-524 558 18 ) 
4 81 87 (-617 744 128 ) (-617 744 -32 ) (-617 498 -32 ) (-617 498 128 ) 
4 81 85 (-524 498 128 ) (-617 498 128 ) (-617 498 -32 ) (-524 498 -32 ) 
4 82 84 (-392 498 128 ) (-392 498 -32 ) (-392 432 -32 ) (-392 432 128 ) 
4 83 135 (-392 0 -32 ) (-192 0 -32 ) (-192 0 128 ) (-392 0 128 ) 
4 83 84 (-392 407 -32 ) (-392 0 -32 ) (-392 0 128 ) (-392 407 128 ) 
4 84 135 (-407 0 -32 ) (-392 0 -32 ) (-392 0 128 ) (-407 0 128 ) 
4 84 85 (-407 498 128 ) (-407 498 -32 ) (-407 153 -32 ) (-407 153 128 ) 
4 84 86 (-407 128 -32 ) (-407 0 -32 ) (-407 0 128 ) (-407 128 128 ) 
4 85 87 (-617 498 -32 ) (-617 337 -32 ) (-617 337 128 ) (-617 498 128 ) 
4 86 135 (-617 0 -32 ) (-407 0 -32 ) (-407 0 128 ) (-617 0 128 ) 
4 86 89 (-617 128 -32 ) (-617 0 -32 ) (-617 0 128 ) (-617 128 128 ) 
4 87 122 (-642 338 -32 ) (-642 337 -32 ) (-642 337 402 ) (-642 338 402 ) 
4 87 118 (-642 408 -32 ) (-642 338 -32 ) (-642 338 402 ) (-642 408 402 ) 
4 87 114 (-642 609 -32 ) (-642 408 -32 ) (-642 408 402 ) (-642 609 402 ) 
4 87 113 (-642 609 104 ) (-642 609 264 ) (-642 624 264 ) (-642 624 104 ) 
4 87 112 (-642 609 264 ) (-642 609 402 ) (-642 624 402 ) (-642 624 264 ) 
4 87 111 (-642 624 104 ) (-642 624 230 ) (-642 744 230 ) (-642 744 104 ) 
4 87 109 (-642 624 230 ) (-642 624 402 ) (-642 744 402 ) (-642 744 230 ) 
4 87 88 (-617 337 248 ) (-617 337 402 ) (-642 337 402 ) (-642 337 248 ) 
4 88 126 (-642 229 402 ) (-642 312 402 ) (-642 312 248 ) (-642 229 248 ) 
4 88 127 (-642 128 248 ) (-642 128 402 ) (-642 229 402 ) (-642 229 248 ) 
4 88 123 (-642 312 402 ) (-642 337 402 ) (-642 337 248 ) (-642 312 248 ) 
4 88 89 (-617 128 248 ) (-617 128 402 ) (-642 128 402 ) (-642 128 248 ) 
4 89 135 (-642 0 402 ) (-642 0 -32 ) (-617 0 -32 ) (-617 0 402 ) 
4 89 128 (-642 128 -32 ) (-642 0 -32 ) (-642 0 24 ) (-642 128 24 ) 
4 89 127 (-642 0 24 ) (-642 0 402 ) (-642 128 402 ) (-642 128 24 ) 
4 90 107 (-711 800 186 ) (-642 800 186 ) (-642 800 194 ) (-711 800 194 ) 
4 90 102 (-642 800 194 ) (-642 800 224.703003 ) (-711 800 224.703003 ) (-711 800 194 ) 
4 90 101 (-642 800 224.703003 ) (-642 800 230 ) (-711 800 230 ) (-711 800 224.703003 ) 
4 90 100 (-642 800 230 ) (-642 800 264 ) (-711 800 264 ) (-711 800 230 ) 
4 90 99 (-642 800 264 ) (-642 800 402 ) (-711 800 402 ) (-711 800 264 ) 
4 90 95 (-642 800 186 ) (-711 800 186 ) (-711 879 186 ) (-642 879 186 ) 
4 90 94 (-711 879 186 ) (-711 1024 186 ) (-642 1024 186 ) (-642 879 186 ) 
4 90 92 (-711 800 264 ) (-711 800 402 ) (-711 1016 402 ) (-711 1016 264 ) 
4 90 91 (-711 1024 186 ) (-711 1016 186 ) (-711 1016 402 ) (-711 1024 402 ) 
4 91 92 (-761 1016 402 ) (-761 1016 264 ) (-711 1016 264 ) (-711 1016 402 ) 
4 91 93 (-761 1024 186 ) (-761 1016 186 ) (-761 1016 402 ) (-761 1024 402 ) 
4 92 99 (-711 800 264 ) (-711 800 402 ) (-761 800 402 ) (-761 800 264 ) 
4 92 93 (-761 800 264 ) (-761 800 402 ) (-761 1016 402 ) (-761 1016 264 ) 
4 93 153 (-1024 1024 258 ) (-1024 1024 186 ) (-1024 800 186 ) (-1024 800 258 ) 
4 93 152 (-1024 1024 402 ) (-1024 1024 258 ) (-1024 800 258 ) (-1024 800 402 ) 
4 93 104 (-995.485046 800 194 ) (-987.518982 800 194 ) (-987.518982 800 224.703003 ) (-995.485046 800 224.703003 ) 
4 93 106 (-1024 800 224.703003 ) (-1024 800 194 ) (-995.485046 800 194 ) (-995.485046 800 224.703003 ) 
4 93 103 (-987.518982 800 194 ) (-880.966980 800 194 ) (-880.966980 800 224.703003 ) (-987.518982 800 224.703003 ) 
4 93 99 (-1024 800 402 ) (-1024 800 264 ) (-761 800 264 ) (-761 800 402 ) 
4 93 96 (-1024 1008 186 ) (-1024 1024 186 ) (-761 1024 186 ) (-761 1008 186 ) 
4 93 98 (-761 800 186 ) (-1024 800 186 ) (-1024 1008 186 ) (-761 1008 186 ) 
4 94 95 (-711 879 186 ) (-711 879 64 ) (-642 879 64 ) (-642 879 186 ) 
4 95 107 (-642 800 64 ) (-642 800 186 ) (-711 800 186 ) (-711 800 64 ) 
4 96 153 (-1024 1024 186 ) (-1024 1024 128 ) (-1024 1008 128 ) (-1024 1008 186 ) 
4 96 97 (-761 1008 128 ) (-928 1008 128 ) (-928 1024 128 ) (-761 1024 128 ) 
4 96 98 (-761 1008 128 ) (-761 1008 186 ) (-1024 1008 186 ) (-1024 1008 128 ) 
4 97 98 (-928 1008 -32 ) (-761 1008 -32 ) (-761 1008 128 ) (-928 1008 128 ) 
4 98 154 (-1024 1008 -32 ) (-1024 800 -32 ) (-1024 800 128 ) (-1024 1008 128 ) 
4 98 153 (-1024 800 128 ) (-1024 800 186 ) (-1024 1008 186 ) (-1024 1008 128 ) 
4 99 168 (-1024 775 264 ) (-1024 775 402 ) (-1024 800 402 ) (-1024 800 264 ) 
4 99 130 (-944 775 402 ) (-1024 775 402 ) (-1024 775 264 ) (-944 775 264 ) 
4 99 110 (-811 775 402 ) (-944 775 402 ) (-944 775 264 ) (-811 775 264 ) 
4 99 109 (-642 775 264 ) (-642 775 402 ) (-811 775 402 ) (-811 775 264 ) 
4 99 100 (-642 775 264 ) (-711 775 264 ) (-711 800 264 ) (-642 800 264 ) 
4 100 109 (-642 775 230 ) (-642 775 264 ) (-711 775 264 ) (-711 775 230 ) 
4 100 101 (-642 775 230 ) (-711 775 230 ) (-711 800 230 ) (-642 800 230 ) 
4 101 111 (-642 775 224.703003 ) (-642 775 230 ) (-711 775 230 ) (-711 775 224.703003 ) 
4 101 102 (-642 775 224.703003 ) (-711 775 224.703003 ) (-711 800 224.703003 ) (-642 800 224.703003 ) 
4 102 111 (-642 775 194 ) (-642 775 224.703003 ) (-711 775 224.703003 ) (-711 775 194 ) 
4 102 108 (-642 775 194 ) (-711 775 194 ) (-711 783 194 ) (-642 783 194 ) 
4 102 107 (-711 783 194 ) (-711 800 194 ) (-642 800 194 ) (-642 783 194 ) 
4 103 132 (-944 775 224.703003 ) (-987.518982 775 224.703003 ) (-987.518982 775 194 ) (-944 775 194 ) 
4 103 111 (-880.966980 775 224.703003 ) (-944 775 224.703003 ) (-944 775 194 ) (-880.966980 775 194 ) 
4 103 104 (-987.518982 800 194 ) (-987.518982 796 194 ) (-987.518982 796 224.703003 ) (-987.518982 800 224.703003 ) 
4 103 105 (-987.518982 779 194 ) (-987.518982 775 194 ) (-987.518982 775 224.703003 ) (-987.518982 779 224.703003 ) 
4 104 106 (-995.485046 800 194 ) (-995.485046 796 194 ) (-995.485046 796 224.703003 ) (-995.485046 800 224.703003 ) 
4 105 132 (-987.518982 775 224.703003 ) (-995.485046 775 224.703003 ) (-995.485046 775 194 ) (-987.518982 775 194 ) 
4 105 106 (-995.485046 779 194 ) (-995.485046 775 194 ) (-995.485046 775 224.703003 ) (-995.485046 779 224.703003 ) 
4 106 170 (-1024 775 194 ) (-1024 775 224.703003 ) (-1024 800 224.703003 ) (-1024 800 194 ) 
4 106 132 (-995.485046 775 224.703003 ) (-1024 775 224.703003 ) (-1024 775 194 ) (-995.485046 775 194 ) 
4 107 108 (-711 783 194 ) (-711 783 104 ) (-642 783 104 ) (-642 783 194 ) 
4 108 111 (-642 775 104 ) (-642 775 194 ) (-711 775 194 ) (-711 775 104 ) 
4 109 113 (-811 624 230 ) (-642 624 230 ) (-642 624 264 ) (-811 624 264 ) 
4 109 112 (-642 624 264 ) (-642 624 402 ) (-811 624 402 ) (-811 624 264 ) 
4 109 111 (-642 624 230 ) (-811 624 230 ) (-811 775 230 ) (-642 775 230 ) 
4 109 110 (-811 624 264 ) (-811 624 402 ) (-811 775 402 ) (-811 775 264 ) 
4 110 130 (-944 775 402 ) (-944 775 264 ) (-944 624 264 ) (-944 624 402 ) 
4 110 124 (-944 624 402 ) (-944 624 264 ) (-928 624 264 ) (-928 624 402 ) 
4 110 112 (-928 624 264 ) (-811 624 264 ) (-811 624 402 ) (-928 624 402 ) 
4 111 132 (-944 775 230 ) (-944 775 104 ) (-944 624 104 ) (-944 624 230 ) 
4 111 113 (-811 624 104 ) (-642 624 104 ) (-642 624 230 ) (-811 624 230 ) 
4 112 124 (-928 624 402 ) (-928 624 264 ) (-928 609 264 ) (-928 609 402 ) 
4 112 115 (-770 609 264 ) (-710 609 264 ) (-710 609 402 ) (-770 609 402 ) 
4 112 114 (-710 609 264 ) (-642 609 264 ) (-642 609 402 ) (-710 609 402 ) 
4 112 117 (-928 609 402 ) (-928 609 264 ) (-770 609 264 ) (-770 609 402 ) 
4 112 113 (-642 609 264 ) (-811 609 264 ) (-811 624 264 ) (-642 624 264 ) 
4 113 115 (-710 609 264 ) (-770 609 264 ) (-770 609 104 ) (-710 609 104 ) 
4 113 114 (-642 609 104 ) (-642 609 264 ) (-710 609 264 ) (-710 609 104 ) 
4 113 117 (-770 609 264 ) (-811 609 264 ) (-811 609 104 ) (-770 609 104 ) 
4 114 118 (-710 408 -32 ) (-642 408 -32 ) (-642 408 402 ) (-710 408 402 ) 
4 114 116 (-710 408 18 ) (-710 408 402 ) (-710 468 402 ) (-710 468 18 ) 
4 114 115 (-710 468 402 ) (-710 609 402 ) (-710 609 -32 ) (-710 468 -32 ) 
4 115 116 (-770 468 402 ) (-770 468 18 ) (-710 468 18 ) (-710 468 402 ) 
4 115 117 (-770 468 402 ) (-770 609 402 ) (-770 609 -32 ) (-770 468 -32 ) 
4 116 119 (-720 408 402 ) (-770 408 402 ) (-770 408 29 ) (-720 408 29 ) 
4 116 118 (-710 408 18 ) (-710 408 402 ) (-720 408 402 ) (-720 408 18 ) 
4 116 117 (-770 408 18 ) (-770 408 402 ) (-770 468 402 ) (-770 468 18 ) 
4 117 125 (-928 408 144 ) (-928 408 206 ) (-928 456 206 ) (-928 456 144 ) 
4 117 124 (-928 408 264 ) (-928 408 402 ) (-928 609 402 ) (-928 609 264 ) 
4 117 119 (-770 408 29 ) (-770 408 402 ) (-790 408 402 ) (-790 408 29 ) 
4 117 120 (-790 408 -32 ) (-770 408 -32 ) (-770 408 -31 ) (-790 408 -31 ) 
4 117 121 (-928 408 402 ) (-928 408 -32 ) (-790 408 -32 ) (-790 408 402 ) 
4 118 122 (-642 338 -32 ) (-642 338 402 ) (-720 338 402 ) (-720 338 -32 ) 
4 118 119 (-720 338 29 ) (-720 338 402 ) (-720 408 402 ) (-720 408 29 ) 
4 118 120 (-720 338 -32 ) (-720 338 -31 ) (-720 408 -31 ) (-720 408 -32 ) 
4 119 122 (-720 338 402 ) (-790 338 402 ) (-790 338 29 ) (-720 338 29 ) 
4 119 121 (-790 338 29 ) (-790 338 402 ) (-790 408 402 ) (-790 408 29 ) 
4 120 122 (-790 338 -31 ) (-790 338 -32 ) (-720 338 -32 ) (-720 338 -31 ) 
4 120 121 (-790 338 -32 ) (-790 338 -31 ) (-790 408 -31 ) (-790 408 -32 ) 
4 121 125 (-928 394 206 ) (-928 408 206 ) (-928 408 144 ) (-928 394 144 ) 
4 121 124 (-928 338 264 ) (-928 338 402 ) (-928 408 402 ) (-928 408 264 ) 
4 121 122 (-790 338 402 ) (-928 338 402 ) (-928 338 -32 ) (-790 338 -32 ) 
4 122 124 (-928 337 264 ) (-928 337 402 ) (-928 338 402 ) (-928 338 264 ) 
4 122 123 (-642 337 248 ) (-642 337 402 ) (-928 337 402 ) (-928 337 248 ) 
4 123 126 (-642 312 248 ) (-642 312 402 ) (-928 312 402 ) (-928 312 248 ) 
4 123 124 (-928 312 264 ) (-928 312 402 ) (-928 337 402 ) (-928 337 264 ) 
4 124 130 (-944 312 264 ) (-944 312 402 ) (-944 624 402 ) (-944 624 264 ) 
4 124 126 (-944 312 402 ) (-944 312 264 ) (-928 312 264 ) (-928 312 402 ) 
4 125 132 (-944 394 206 ) (-944 456 206 ) (-944 456 144 ) (-944 394 144 ) 
4 126 132 (-944 312 230 ) (-944 312 104 ) (-944 229 104 ) (-944 229 230 ) 
4 126 131 (-944 312 264 ) (-944 312 230 ) (-944 229 230 ) (-944 229 264 ) 
4 126 130 (-944 229 402 ) (-944 312 402 ) (-944 312 264 ) (-944 229 264 ) 
5 126 127 (-778.812012 229 24 ) (-642 229 24 ) (-642 229 402 ) (-944 229 402 ) (-944 229 104 ) 
4 127 142 (-944 0 402 ) (-944 0 24 ) (-930 0 24 ) (-930 0 402 ) 
4 127 135 (-742 0 24 ) (-642 0 24 ) (-642 0 402 ) (-742 0 402 ) 
4 127 138 (-930 0 24 ) (-742 0 24 ) (-742 0 402 ) (-930 0 402 ) 
4 127 134 (-944 0 24 ) (-944 0 92 ) (-944 229 92 ) (-944 229 24 ) 
4 127 133 (-944 0 92 ) (-944 0 230 ) (-944 229 230 ) (-944 229 92 ) 
4 127 131 (-944 0 230 ) (-944 0 264 ) (-944 229 264 ) (-944 229 230 ) 
4 127 130 (-944 0 264 ) (-944 0 402 ) (-944 229 402 ) (-944 229 264 ) 
4 127 128 (-720 229 24 ) (-642 229 24 ) (-642 0 24 ) (-720 0 24 ) 
4 127 129 (-944 0 24 ) (-944 229 24 ) (-720 229 24 ) (-720 0 24 ) 
4 128 135 (-720 0 -32 ) (-642 0 -32 ) (-642 0 24 ) (-720 0 24 ) 
4 128 129 (-720 229 24 ) (-720 129 -32 ) (-720 0 -32 ) (-720 0 24 ) 
4 129 142 (-944 0 24 ) (-944 0 -32 ) (-930 0 -32 ) (-930 0 24 ) 
4 129 135 (-742 0 -32 ) (-720 0 -32 ) (-720 0 24 ) (-742 0 24 ) 
4 129 138 (-930 0 -32 ) (-742 0 -32 ) (-742 0 24 ) (-930 0 24 ) 
4 129 134 (-944 229 -32 ) (-944 0 -32 ) (-944 0 24 ) (-944 229 24 ) 
4 130 168 (-1024 0 264 ) (-1024 0 402 ) (-1024 775 402 ) (-1024 775 264 ) 
4 130 149 (-1024 0 402 ) (-1024 0 264 ) (-976 0 264 ) (-976 0 402 ) 
4 130 142 (-976 0 264 ) (-944 0 264 ) (-944 0 402 ) (-976 0 402 ) 
4 130 131 (-1024 0 264 ) (-1024 312 264 ) (-944 312 264 ) (-944 0 264 ) 
4 131 169 (-1024 0 230 ) (-1024 0 264 ) (-1024 312 264 ) (-1024 312 230 ) 
4 131 149 (-1024 0 264 ) (-1024 0 230 ) (-976 0 230 ) (-976 0 264 ) 
4 131 142 (-976 0 230 ) (-944 0 230 ) (-944 0 264 ) (-976 0 264 ) 
4 131 132 (-944 312 230 ) (-944 229 230 ) (-1024 229 230 ) (-1024 312 230 ) 
4 131 133 (-944 229 230 ) (-944 0 230 ) (-1024 0 230 ) (-1024 229 230 ) 
4 132 171 (-1024 229 230 ) (-1024 775 230 ) (-1024 775 104 ) (-1024 229 104 ) 
4 132 133 (-944 229 104 ) (-944 229 230 ) (-1024 229 230 ) (-1024 229 104 ) 
4 133 172 (-1024 0 92 ) (-1024 0 230 ) (-1024 229 230 ) (-1024 229 92 ) 
4 133 149 (-1024 0 230 ) (-1024 0 92 ) (-976 0 92 ) (-976 0 230 ) 
4 133 142 (-976 0 92 ) (-944 0 92 ) (-944 0 230 ) (-976 0 230 ) 
4 133 134 (-1024 0 92 ) (-1024 229 92 ) (-944 229 92 ) (-944 0 92 ) 
4 134 173 (-1024 337 -32 ) (-1024 0 -32 ) (-1024 0 92 ) (-1024 337 92 ) 
4 134 149 (-1024 0 92 ) (-1024 0 -32 ) (-976 0 -32 ) (-976 0 92 ) 
4 134 142 (-976 0 -32 ) (-944 0 -32 ) (-944 0 92 ) (-976 0 92 ) 
4 135 136 (-742 -38 402 ) (-742 -38 128 ) (-192 -38 128 ) (-192 -38 402 ) 
4 135 138 (-742 0 -32 ) (-742 -38 -32 ) (-742 -38 402 ) (-742 0 402 ) 
4 136 138 (-742 -88 128 ) (-742 -88 402 ) (-742 -38 402 ) (-742 -38 128 ) 
4 136 137 (-742 -88 402 ) (-742 -88 128 ) (-192 -88 128 ) (-192 -88 402 ) 
4 137 140 (-695 -263 18 ) (-695 -263 402 ) (-742 -263 402 ) (-742 -263 18 ) 
4 137 139 (-695 -263 -32 ) (-192 -263 -32 ) (-192 -263 402 ) (-695 -263 402 ) 
4 137 138 (-742 -88 -32 ) (-742 -263 -32 ) (-742 -263 402 ) (-742 -88 402 ) 
4 138 143 (-930 -240 218 ) (-930 -240 402 ) (-930 -64 402 ) (-930 -64 218 ) 
4 138 142 (-930 0 -32 ) (-930 -64 -32 ) (-930 -64 402 ) (-930 0 402 ) 
4 138 144 (-930 -240 -32 ) (-930 -263 -32 ) (-930 -263 402 ) (-930 -240 402 ) 
4 138 140 (-742 -263 18 ) (-742 -263 402 ) (-755 -263 402 ) (-755 -263 18 ) 
4 138 141 (-930 -263 402 ) (-930 -263 -32 ) (-755 -263 -32 ) (-755 -263 402 ) 
4 139 145 (-695 -323 -32 ) (-192 -323 -32 ) (-192 -323 402 ) (-695 -323 402 ) 
4 139 140 (-695 -263 402 ) (-695 -263 18 ) (-695 -323 18 ) (-695 -323 402 ) 
4 140 146 (-708 -323 402 ) (-755 -323 402 ) (-755 -323 46 ) (-708 -323 46 ) 
4 140 145 (-695 -323 18 ) (-695 -323 402 ) (-708 -323 402 ) (-708 -323 18 ) 
4 140 141 (-755 -263 402 ) (-755 -263 18 ) (-755 -323 18 ) (-755 -323 402 ) 
4 141 146 (-755 -323 46 ) (-755 -323 402 ) (-768 -323 402 ) (-768 -323 46 ) 
4 141 148 (-930 -323 -32 ) (-768 -323 -32 ) (-768 -323 402 ) (-930 -323 402 ) 
4 141 144 (-930 -263 -32 ) (-930 -323 -32 ) (-930 -323 402 ) (-930 -263 402 ) 
4 142 149 (-976 0 -32 ) (-976 -64 -32 ) (-976 -64 402 ) (-976 0 402 ) 
4 142 143 (-976 -64 402 ) (-976 -64 218 ) (-930 -64 218 ) (-930 -64 402 ) 
4 143 150 (-976 -104 402 ) (-976 -64 402 ) (-976 -64 218 ) (-976 -104 218 ) 
4 143 151 (-976 -240 218 ) (-976 -240 402 ) (-976 -104 402 ) (-976 -104 218 ) 
4 143 144 (-976 -240 402 ) (-976 -240 218 ) (-930 -240 218 ) (-930 -240 402 ) 
4 144 151 (-976 -240 -32 ) (-976 -323 -32 ) (-976 -323 402 ) (-976 -240 402 ) 
4 144 148 (-976 -323 402 ) (-976 -323 -32 ) (-930 -323 -32 ) (-930 -323 402 ) 
4 145 146 (-708 -323 402 ) (-708 -323 46 ) (-708 -383 46 ) (-708 -383 402 ) 
4 145 147 (-708 -383 -32 ) (-708 -384 -32 ) (-708 -384 402 ) (-708 -383 402 ) 
4 146 147 (-768 -383 402 ) (-768 -383 46 ) (-708 -383 46 ) (-708 -383 402 ) 
4 146 148 (-768 -323 402 ) (-768 -323 46 ) (-768 -383 46 ) (-768 -383 402 ) 
4 147 148 (-768 -383 -32 ) (-768 -384 -32 ) (-768 -384 402 ) (-768 -383 402 ) 
4 148 151 (-976 -323 -32 ) (-976 -384 -32 ) (-976 -384 402 ) (-976 -323 402 ) 
4 149 226 (-1024 0 402 ) (-1024 0 -32 ) (-1024 -64 -32 ) (-1024 -64 402 ) 
4 149 150 (-976 -64 128 ) (-976 -64 402 ) (-1024 -64 402 ) (-1024 -64 128 ) 
4 150 227 (-1024 -104 128 ) (-1024 -104 402 ) (-1024 -64 402 ) (-1024 -64 128 ) 
4 150 151 (-976 -104 128 ) (-976 -104 402 ) (-1024 -104 402 ) (-1024 -104 128 ) 
4 151 228 (-1024 -104 -32 ) (-1024 -384 -32 ) (-1024 -384 402 ) (-1024 -104 402 ) 
4 152 178 (-1408 800 402 ) (-1433 800 402 ) (-1433 800 258 ) (-1408 800 258 ) 
4 152 177 (-1344 800 402 ) (-1408 800 402 ) (-1408 800 258 ) (-1344 800 258 ) 
4 152 174 (-1111 800 402 ) (-1144 800 402 ) (-1144 800 264 ) (-1111 800 264 ) 
4 152 176 (-1144 800 402 ) (-1344 800 402 ) (-1344 800 258 ) (-1144 800 258 ) 
4 152 168 (-1024 800 264 ) (-1024 800 402 ) (-1111 800 402 ) (-1111 800 264 ) 
4 152 159 (-1433 800 258 ) (-1433 800 402 ) (-1433 820 402 ) (-1433 820 258 ) 
4 152 155 (-1433 820 402 ) (-1433 1024 402 ) (-1433 1024 258 ) (-1433 820 258 ) 
4 152 153 (-1024 800 258 ) (-1408 800 258 ) (-1408 1024 258 ) (-1024 1024 258 ) 
4 153 177 (-1344 800 258 ) (-1408 800 258 ) (-1408 800 128 ) (-1344 800 128 ) 
4 153 176 (-1144 800 258 ) (-1344 800 258 ) (-1344 800 128 ) (-1144 800 128 ) 
4 153 170 (-1024 800 194 ) (-1024 800 224.703003 ) (-1103.030029 800 224.703003 ) (-1103.030029 800 194 ) 
4 153 154 (-1024 800 128 ) (-1344 800 128 ) (-1344 1008 128 ) (-1024 1008 128 ) 
4 154 176 (-1344 800 -32 ) (-1144 800 -32 ) (-1144 800 128 ) (-1344 800 128 ) 
4 155 164 (-1703 1024 402 ) (-1703 1024 258 ) (-1703 820 258 ) (-1703 820 402 ) 
4 155 159 (-1703 820 402 ) (-1703 820 258 ) (-1433 820 258 ) (-1433 820 402 ) 
4 156 157 (-1536 1008 153 ) (-1536 1008 26 ) (-1433 1008 26 ) (-1433 1008 153 ) 
4 156 158 (-1536 1008 26 ) (-1536 1008 153 ) (-1536 1024 153 ) (-1536 1024 26 ) 
4 157 160 (-1443.209961 820 120 ) (-1536 820 120 ) (-1536 820 98 ) (-1443.209961 820 98 ) 
4 157 158 (-1536 1008 -32 ) (-1536 820 -32 ) (-1536 820 153 ) (-1536 1008 153 ) 
4 158 163 (-1693.959961 820 98 ) (-1589.970093 820 98 ) (-1589.970093 820 120 ) (-1693.959961 820 120 ) 
4 158 161 (-1589.970093 820 98 ) (-1579.760132 820 98 ) (-1579.760132 820 120 ) (-1589.970093 820 120 ) 
4 158 160 (-1579.760132 820 98 ) (-1536 820 98 ) (-1536 820 120 ) (-1579.760132 820 120 ) 
4 159 183 (-1440 800 402 ) (-1703 800 402 ) (-1703 800 258 ) (-1440 800 258 ) 
4 159 179 (-1433 800 258 ) (-1433 800 402 ) (-1440 800 402 ) (-1440 800 258 ) 
4 159 164 (-1703 800 258 ) (-1703 800 402 ) (-1703 820 402 ) (-1703 820 258 ) 
4 160 183 (-1443.209961 800 120 ) (-1579.760132 800 120 ) (-1579.760132 800 98 ) (-1443.209961 800 98 ) 
4 160 161 (-1579.760132 820 98 ) (-1579.760132 816.799988 98 ) (-1579.760132 816.799988 120 ) (-1579.760132 820 120 ) 
4 160 162 (-1579.760132 803.200073 98 ) (-1579.760132 800 98 ) (-1579.760132 800 120 ) (-1579.760132 803.200073 120 ) 
4 161 163 (-1589.970093 820 98 ) (-1589.970093 816.799988 98 ) (-1589.970093 816.799988 120 ) (-1589.970093 820 120 ) 
4 162 183 (-1579.760132 800 120 ) (-1589.970093 800 120 ) (-1589.970093 800 98 ) (-1579.760132 800 98 ) 
4 162 163 (-1589.970093 803.200073 98 ) (-1589.970093 800 98 ) (-1589.970093 800 120 ) (-1589.970093 803.200073 120 ) 
4 163 183 (-1589.970093 800 120 ) (-1693.959961 800 120 ) (-1693.959961 800 98 ) (-1589.970093 800 98 ) 
4 164 216 (-2048 1024 402 ) (-2048 1024 258 ) (-2048 800 258 ) (-2048 800 402 ) 
4 164 183 (-2048 800 402 ) (-2048 800 258 ) (-1703 800 258 ) (-1703 800 402 ) 
4 164 167 (-2030 825 258 ) (-2030 800 258 ) (-2048 800 258 ) (-2048 825 258 ) 
4 164 166 (-2048 1024 258 ) (-2030 1024 258 ) (-2030 825 258 ) (-2048 825 258 ) 
4 164 165 (-2030 1024 258 ) (-1738 1024 258 ) (-1738 800 258 ) (-2030 800 258 ) 
4 165 190 (-1936 800 -32 ) (-1834.520020 800 -32 ) (-1834.520020 800 53 ) (-1936 800 53 ) 
4 165 191 (-2030 800 -32 ) (-1936 800 -32 ) (-1936 800 53 ) (-2030 800 53 ) 
4 165 185 (-1834.520020 800 -32 ) (-1738 800 -32 ) (-1738 800 53 ) (-1834.520020 800 53 ) 
4 165 183 (-1738 800 53 ) (-1738 800 258 ) (-2030 800 258 ) (-2030 800 53 ) 
4 165 167 (-2030 800 128 ) (-2030 800 258 ) (-2030 825 258 ) (-2030 825 128 ) 
4 165 166 (-2030 1024 -32 ) (-2030 825 -32 ) (-2030 825 258 ) (-2030 1024 258 ) 
4 166 217 (-2048 1024 138 ) (-2048 1024 -32 ) (-2048 825 -32 ) (-2048 825 138 ) 
4 166 216 (-2048 1024 258 ) (-2048 1024 138 ) (-2048 825 138 ) (-2048 825 258 ) 
4 166 167 (-2030 825 128 ) (-2030 825 258 ) (-2048 825 258 ) (-2048 825 128 ) 
4 167 218 (-2048 800 128 ) (-2048 800 138 ) (-2048 825 138 ) (-2048 825 128 ) 
4 167 216 (-2048 800 138 ) (-2048 800 258 ) (-2048 825 258 ) (-2048 825 138 ) 
4 167 183 (-2048 800 258 ) (-2048 800 128 ) (-2030 800 128 ) (-2030 800 258 ) 
4 168 226 (-1024 0 264 ) (-1024 0 402 ) (-1111 0 402 ) (-1111 0 264 ) 
4 168 174 (-1111 800 402 ) (-1111 800 264 ) (-1111 75 264 ) (-1111 75 402 ) 
4 168 175 (-1111 75 264 ) (-1111 0 264 ) (-1111 0 402 ) (-1111 75 402 ) 
4 168 169 (-1024 0 264 ) (-1111 0 264 ) (-1111 312 264 ) (-1024 312 264 ) 
4 169 226 (-1024 0 230 ) (-1024 0 264 ) (-1111 0 264 ) (-1111 0 230 ) 
4 169 175 (-1111 75 230 ) (-1111 0 230 ) (-1111 0 264 ) (-1111 75 264 ) 
4 169 171 (-1111 229 230 ) (-1111 312 230 ) (-1024 312 230 ) (-1024 229 230 ) 
4 169 172 (-1111 0 230 ) (-1111 229 230 ) (-1024 229 230 ) (-1024 0 230 ) 
4 170 171 (-1103.030029 775 194 ) (-1024 775 194 ) (-1024 775 224.703003 ) (-1103.030029 775 224.703003 ) 
4 171 172 (-1024 229 104 ) (-1024 229 230 ) (-1111 229 230 ) (-1111 229 104 ) 
4 172 226 (-1024 0 92 ) (-1024 0 230 ) (-1111 0 230 ) (-1111 0 92 ) 
4 172 175 (-1111 0 92 ) (-1111 0 230 ) (-1111 75 230 ) (-1111 75 92 ) 
4 172 173 (-1111 0 92 ) (-1111 229 92 ) (-1024 229 92 ) (-1024 0 92 ) 
4 173 226 (-1024 0 -32 ) (-1024 0 92 ) (-1111 0 92 ) (-1111 0 -32 ) 
4 173 175 (-1111 75 -32 ) (-1111 0 -32 ) (-1111 0 92 ) (-1111 75 92 ) 
4 174 175 (-1144 75 402 ) (-1144 75 264 ) (-1111 75 264 ) (-1111 75 402 ) 
4 174 176 (-1144 75 402 ) (-1144 800 402 ) (-1144 800 264 ) (-1144 75 264 ) 
4 175 226 (-1144 0 -32 ) (-1111 0 -32 ) (-1111 0 402 ) (-1144 0 402 ) 
4 175 176 (-1144 0 402 ) (-1144 75 402 ) (-1144 75 -32 ) (-1144 0 -32 ) 
4 176 229 (-1344 0 402 ) (-1344 0 -32 ) (-1208 0 -32 ) (-1208 0 402 ) 
4 176 226 (-1208 0 -32 ) (-1144 0 -32 ) (-1144 0 402 ) (-1208 0 402 ) 
4 176 182 (-1344 0 218 ) (-1344 0 402 ) (-1344 440 402 ) (-1344 440 218 ) 
4 176 181 (-1344 656 -32 ) (-1344 440 -32 ) (-1344 440 402 ) (-1344 656 402 ) 
4 176 177 (-1344 800 402 ) (-1344 800 128 ) (-1344 656 128 ) (-1344 656 402 ) 
4 177 181 (-1344 656 128 ) (-1344 656 402 ) (-1408 656 402 ) (-1408 656 128 ) 
4 177 178 (-1408 656 258 ) (-1408 656 402 ) (-1408 800 402 ) (-1408 800 258 ) 
4 178 181 (-1408 656 402 ) (-1433 656 402 ) (-1433 656 258 ) (-1408 656 258 ) 
4 178 179 (-1433 656 258 ) (-1433 656 402 ) (-1433 800 402 ) (-1433 800 258 ) 
4 179 183 (-1440 800 402 ) (-1440 800 128 ) (-1440 656 128 ) (-1440 656 402 ) 
4 179 181 (-1433 656 402 ) (-1440 656 402 ) (-1440 656 128 ) (-1433 656 128 ) 
4 179 180 (-1433 656 128 ) (-1440 656 128 ) (-1440 800 128 ) (-1433 800 128 ) 
4 180 184 (-1440 800 53 ) (-1440 800 -32 ) (-1440 656 -32 ) (-1440 656 53 ) 
4 180 183 (-1440 800 128 ) (-1440 800 53 ) (-1440 656 53 ) (-1440 656 128 ) 
4 180 181 (-1433 656 128 ) (-1440 656 128 ) (-1440 656 -32 ) (-1433 656 -32 ) 
4 181 193 (-1440 508.027039 -32 ) (-1440 440 -32 ) (-1440 440 128 ) (-1440 508.027039 128 ) 
4 181 192 (-1440 440 128 ) (-1440 440 402 ) (-1440 508.027039 402 ) (-1440 508.027039 128 ) 
4 181 184 (-1440 656 -32 ) (-1440 508.027039 -32 ) (-1440 508.027039 53 ) (-1440 656 53 ) 
4 181 183 (-1440 508.027039 53 ) (-1440 508.027039 402 ) (-1440 656 402 ) (-1440 656 53 ) 
4 181 182 (-1344 440 218 ) (-1344 440 402 ) (-1440 440 402 ) (-1440 440 218 ) 
4 182 230 (-1440 0 402 ) (-1440 0 218 ) (-1344 0 218 ) (-1344 0 402 ) 
4 182 210 (-1440 0 218 ) (-1440 0 402 ) (-1440 8 402 ) (-1440 8 218 ) 
4 182 209 (-1440 8 402 ) (-1440 33 402 ) (-1440 33 218 ) (-1440 8 218 ) 
4 182 201 (-1440 33 402 ) (-1440 362 402 ) (-1440 362 218 ) (-1440 33 218 ) 
4 182 198 (-1440 362 402 ) (-1440 430 402 ) (-1440 430 218 ) (-1440 362 218 ) 
4 182 192 (-1440 430 402 ) (-1440 440 402 ) (-1440 440 218 ) (-1440 430 218 ) 
4 183 219 (-2048 508.027039 53 ) (-2048 508.027039 138 ) (-2048 800 138 ) (-2048 800 53 ) 
4 183 216 (-2048 508.027039 138 ) (-2048 508.027039 402 ) (-2048 800 402 ) (-2048 800 138 ) 
4 183 195 (-1984 508.027039 53 ) (-1924 508.027039 53 ) (-1924 508.027039 128 ) (-1984 508.027039 128 ) 
4 183 194 (-1924 508.027039 53 ) (-1650 508.027039 53 ) (-1650 508.027039 128 ) (-1924 508.027039 128 ) 
4 183 197 (-2048 508.027039 128 ) (-2048 508.027039 53 ) (-1984 508.027039 53 ) (-1984 508.027039 128 ) 
4 183 193 (-1650 508.027039 53 ) (-1440 508.027039 53 ) (-1440 508.027039 128 ) (-1650 508.027039 128 ) 
4 183 192 (-2048 508.027039 402 ) (-2048 508.027039 128 ) (-1440 508.027039 128 ) (-1440 508.027039 402 ) 
4 183 190 (-1936 592 53 ) (-1936 800 53 ) (-1834.520020 800 53 ) (-1834.520020 592 53 ) 
4 183 191 (-1936 508.027039 53 ) (-2048 508.027039 53 ) (-2048 800 53 ) (-1936 800 53 ) 
4 183 186 (-1680.692871 508.027039 53 ) (-1681.640747 508.027039 53 ) (-1564.397095 800 53 ) (-1563.449341 800 53 ) 
4 183 185 (-1681.640747 508.027039 53 ) (-1834.520020 508.027039 53 ) (-1834.520020 800 53 ) (-1564.397095 800 53 ) 
4 183 184 (-1440 508.027039 53 ) (-1680.692871 508.027039 53 ) (-1563.449341 800 53 ) (-1440 800 53 ) 
3 184 194 (-1650 508.027039 53 ) (-1680.692871 508.027039 53 ) (-1650 508.027039 -31.457184 ) 
5 184 193 (-1649.802734 508.027039 -32 ) (-1440 508.027039 -32 ) (-1440 508.027039 53 ) (-1650 508.027039 53 ) (-1650 508.027039 -31.457184 ) 
4 184 189 (-1650.842285 508.027039 -29.139603 ) (-1672.679199 508.027039 30.949524 ) (-1622.879883 632.073914 30.983875 ) (-1605.885986 620.010071 -29.108706 ) 
4 184 188 (-1599.290039 690.834778 31 ) (-1555.464966 800 31.030376 ) (-1533.627808 800 -29.059048 ) (-1582.300049 678.760864 -29.092497 ) 
4 184 187 (-1649.802734 508.027039 -32 ) (-1650.842285 508.027039 -29.139603 ) (-1533.627808 800 -29.059048 ) (-1532.559082 800 -32 ) 
4 184 186 (-1672.679199 508.027039 30.949524 ) (-1680.692627 508.027039 53 ) (-1563.448975 800 53 ) (-1555.464966 800 31.030376 ) 
4 185 194 (-1834.520020 508.027039 -32 ) (-1650.736084 508.027039 -32 ) (-1681.640747 508.027039 53 ) (-1834.520020 508.027039 53 ) 
4 185 190 (-1834.520020 592 53 ) (-1834.520020 800 53 ) (-1834.520020 800 -32 ) (-1834.520020 592 -32 ) 
4 185 189 (-1673.087158 508.027039 29.474447 ) (-1651.239624 508.027039 -30.614756 ) (-1606 620.716064 -30.583914 ) (-1623 632.791077 29.508717 ) 
4 185 188 (-1582.414429 679.466187 -30.567835 ) (-1534.025391 800 -30.534847 ) (-1555.872925 800 29.554646 ) (-1599.410278 691.551331 29.524857 ) 
4 185 187 (-1651.239624 508.027039 -30.614756 ) (-1650.735962 508.027039 -32 ) (-1533.492676 800 -32 ) (-1534.025391 800 -30.534847 ) 
4 185 186 (-1564.397339 800 53 ) (-1681.640625 508.027039 53 ) (-1673.087158 508.027039 29.474447 ) (-1555.872925 800 29.554646 ) 
4 186 194 (-1672.679321 508.027039 30.949211 ) (-1680.692871 508.027039 53 ) (-1681.640747 508.027039 53 ) (-1673.087158 508.027039 29.474236 ) 
4 186 189 (-1673.089355 508.027039 29.470850 ) (-1623 632.794067 29.505329 ) (-1622.880005 632.074768 30.981907 ) (-1672.679688 508.027039 30.947626 ) 
4 186 188 (-1599.411255 691.554260 29.521566 ) (-1555.875000 800 29.551535 ) (-1555.465576 800 31.028313 ) (-1599.290161 690.835754 30.998146 ) 
4 187 194 (-1650.736084 508.027039 -32 ) (-1649.802734 508.027039 -32 ) (-1650.842285 508.027039 -29.139618 ) (-1651.239624 508.027039 -30.614964 ) 
4 187 189 (-1606.001343 620.719055 -30.585020 ) (-1651.242188 508.027039 -30.616091 ) (-1650.842896 508.027039 -29.136211 ) (-1605.886475 620.010193 -29.105341 ) 
4 187 188 (-1534.028198 800 -30.535591 ) (-1582.415771 679.469360 -30.568823 ) (-1582.300659 678.760925 -29.089144 ) (-1533.628540 800 -29.055719 ) 
4 189 194 (-1650.842285 508.027039 -29.139618 ) (-1672.679321 508.027039 30.949211 ) (-1673.087158 508.027039 29.474236 ) (-1651.239624 508.027039 -30.614964 ) 
4 190 191 (-1936 592 53 ) (-1936 800 53 ) (-1936 800 -32 ) (-1936 592 -32 ) 
4 191 219 (-2048 800 -32 ) (-2048 508.027039 -32 ) (-2048 508.027039 53 ) (-2048 800 53 ) 
4 191 195 (-1936 508.027039 26 ) (-1936 508.027039 53 ) (-1984 508.027039 53 ) (-1984 508.027039 26 ) 
4 191 197 (-2048 508.027039 53 ) (-2048 508.027039 -32 ) (-1984 508.027039 -32 ) (-1984 508.027039 53 ) 
4 192 219 (-2048 430 128 ) (-2048 430 138 ) (-2048 508.027039 138 ) (-2048 508.027039 128 ) 
4 192 216 (-2048 430 138 ) (-2048 430 402 ) (-2048 508.027039 402 ) (-2048 508.027039 138 ) 
4 192 213 (-1965 430 402 ) (-2048 430 402 ) (-2048 430 128 ) (-1965 430 128 ) 
4 192 211 (-1925 430 402 ) (-1965 430 402 ) (-1965 430 128 ) (-1925 430 128 ) 
4 192 198 (-1440 430 128 ) (-1440 430 402 ) (-1514 430 402 ) (-1514 430 128 ) 
4 192 200 (-1514 430 402 ) (-1925 430 402 ) (-1925 430 128 ) (-1514 430 128 ) 
4 192 195 (-1984 448.027039 128 ) (-1984 508.027039 128 ) (-1924 508.027039 128 ) (-1924 448.027039 128 ) 
4 192 196 (-1924 430 128 ) (-1984 430 128 ) (-1984 448.027039 128 ) (-1924 448.027039 128 ) 
4 192 194 (-1650 430 128 ) (-1924 430 128 ) (-1924 508.027039 128 ) (-1650 508.027039 128 ) 
4 192 197 (-1984 430 128 ) (-2048 430 128 ) (-2048 508.027039 128 ) (-1984 508.027039 128 ) 
4 192 193 (-1650 440 128 ) (-1650 508.027039 128 ) (-1440 508.027039 128 ) (-1440 440 128 ) 
4 193 194 (-1650 440 128 ) (-1650 508.027039 128 ) (-1650 508.027039 -32 ) (-1650 440 -32 ) 
4 194 200 (-1924 430 -32 ) (-1650 430 -32 ) (-1650 430 128 ) (-1924 430 128 ) 
4 194 195 (-1924 448.027039 128 ) (-1924 508.027039 128 ) (-1924 508.027039 26 ) (-1924 448.027039 26 ) 
4 194 196 (-1924 430 -32 ) (-1924 430 128 ) (-1924 448.027039 128 ) (-1924 448.027039 -32 ) 
4 195 196 (-1984 448.027039 128 ) (-1984 448.027039 26 ) (-1924 448.027039 26 ) (-1924 448.027039 128 ) 
4 195 197 (-1984 448.027039 128 ) (-1984 508.027039 128 ) (-1984 508.027039 26 ) (-1984 448.027039 26 ) 
4 196 213 (-1984 430 -32 ) (-1965 430 -32 ) (-1965 430 128 ) (-1984 430 128 ) 
4 196 211 (-1965 430 -32 ) (-1925 430 -32 ) (-1925 430 128 ) (-1965 430 128 ) 
4 196 200 (-1925 430 -32 ) (-1924 430 -32 ) (-1924 430 128 ) (-1925 430 128 ) 
4 196 197 (-1984 430 -32 ) (-1984 430 128 ) (-1984 448.027039 128 ) (-1984 448.027039 -32 ) 
4 197 219 (-2048 508.027039 -32 ) (-2048 430 -32 ) (-2048 430 128 ) (-2048 508.027039 128 ) 
4 197 213 (-2048 430 -32 ) (-1984 430 -32 ) (-1984 430 128 ) (-2048 430 128 ) 
4 198 201 (-1440 362 19 ) (-1440 362 402 ) (-1514 362 402 ) (-1514 362 19 ) 
4 198 200 (-1514 362 19 ) (-1514 362 402 ) (-1514 430 402 ) (-1514 430 19 ) 
4 199 201 (-1440 362 -32 ) (-1440 362 -31 ) (-1514 362 -31 ) (-1514 362 -32 ) 
4 199 200 (-1514 362 -32 ) (-1514 362 -31 ) (-1514 430 -31 ) (-1514 430 -32 ) 
4 200 211 (-1925 430 402 ) (-1925 430 -32 ) (-1925 362 -32 ) (-1925 362 402 ) 
4 200 205 (-1709 362 402 ) (-1769 362 402 ) (-1769 362 -32 ) (-1709 362 -32 ) 
4 200 208 (-1769 362 402 ) (-1925 362 402 ) (-1925 362 -32 ) (-1769 362 -32 ) 
4 200 202 (-1629 362 402 ) (-1709 362 402 ) (-1709 362 -32 ) (-1629 362 -32 ) 
4 200 201 (-1514 362 402 ) (-1629 362 402 ) (-1629 362 -32 ) (-1514 362 -32 ) 
4 201 209 (-1440 33 153 ) (-1440 33 402 ) (-1629 33 402 ) (-1629 33 153 ) 
4 201 203 (-1629 171 46 ) (-1629 171 402 ) (-1629 231 402 ) (-1629 231 46 ) 
4 201 202 (-1629 362 402 ) (-1629 362 -32 ) (-1629 231 -32 ) (-1629 231 402 ) 
4 201 204 (-1629 171 -32 ) (-1629 33 -32 ) (-1629 33 402 ) (-1629 171 402 ) 
4 202 205 (-1709 362 402 ) (-1709 362 -32 ) (-1709 231 -32 ) (-1709 231 402 ) 
4 202 203 (-1709 231 402 ) (-1709 231 46 ) (-1629 231 46 ) (-1629 231 402 ) 
4 203 206 (-1709 171 46 ) (-1709 171 402 ) (-1709 213 402 ) (-1709 213 46 ) 
4 203 205 (-1709 213 402 ) (-1709 231 402 ) (-1709 231 46 ) (-1709 213 46 ) 
4 203 204 (-1709 171 402 ) (-1709 171 46 ) (-1629 171 46 ) (-1629 171 402 ) 
4 204 209 (-1629 33 402 ) (-1709 33 402 ) (-1709 33 153 ) (-1629 33 153 ) 
4 204 206 (-1709 153 26 ) (-1709 153 402 ) (-1709 171 402 ) (-1709 171 26 ) 
4 204 207 (-1709 153 -32 ) (-1709 33 -32 ) (-1709 33 402 ) (-1709 153 402 ) 
4 205 206 (-1769 213 402 ) (-1769 213 26 ) (-1709 213 26 ) (-1709 213 402 ) 
4 205 208 (-1769 362 402 ) (-1769 362 -32 ) (-1769 213 -32 ) (-1769 213 402 ) 
4 206 208 (-1769 153 26 ) (-1769 153 402 ) (-1769 213 402 ) (-1769 213 26 ) 
4 206 207 (-1769 153 402 ) (-1769 153 26 ) (-1709 153 26 ) (-1709 153 402 ) 
4 207 209 (-1709 33 402 ) (-1769 33 402 ) (-1769 33 153 ) (-1709 33 153 ) 
4 207 208 (-1769 153 -32 ) (-1769 33 -32 ) (-1769 33 402 ) (-1769 153 402 ) 
4 208 212 (-1925 33 218 ) (-1925 33 402 ) (-1925 256 402 ) (-1925 256 218 ) 
4 208 211 (-1925 362 -32 ) (-1925 256 -32 ) (-1925 256 402 ) (-1925 362 402 ) 
4 208 209 (-1769 33 402 ) (-1925 33 402 ) (-1925 33 153 ) (-1769 33 153 ) 
4 209 212 (-1925 8 218 ) (-1925 8 402 ) (-1925 33 402 ) (-1925 33 218 ) 
4 209 210 (-1925 8 402 ) (-1925 8 153 ) (-1440 8 153 ) (-1440 8 402 ) 
4 210 232 (-1925 0 402 ) (-1925 0 128 ) (-1440 0 128 ) (-1440 0 402 ) 
4 210 212 (-1925 0 218 ) (-1925 0 402 ) (-1925 8 402 ) (-1925 8 218 ) 
4 211 213 (-1965 430 402 ) (-1965 430 -32 ) (-1965 256 -32 ) (-1965 256 402 ) 
4 211 212 (-1925 256 218 ) (-1925 256 402 ) (-1965 256 402 ) (-1965 256 218 ) 
4 212 234 (-1965 0 402 ) (-1965 0 218 ) (-1925 0 218 ) (-1925 0 402 ) 
4 212 214 (-1965 158 402 ) (-1965 253 402 ) (-1965 253 218 ) (-1965 158 218 ) 
4 212 213 (-1965 253 402 ) (-1965 256 402 ) (-1965 256 218 ) (-1965 253 218 ) 
4 212 215 (-1965 0 218 ) (-1965 0 402 ) (-1965 158 402 ) (-1965 158 218 ) 
4 213 219 (-2048 430 -32 ) (-2048 253 -32 ) (-2048 253 138 ) (-2048 430 138 ) 
4 213 216 (-2048 253 138 ) (-2048 253 402 ) (-2048 430 402 ) (-2048 430 138 ) 
4 213 214 (-1965 253 138 ) (-1965 253 402 ) (-2048 253 402 ) (-2048 253 138 ) 
4 214 216 (-2048 158 138 ) (-2048 158 402 ) (-2048 253 402 ) (-2048 253 138 ) 
4 214 215 (-1965 158 138 ) (-1965 158 402 ) (-2048 158 402 ) (-2048 158 138 ) 
4 215 236 (-2048 0 218 ) (-2048 0 -32 ) (-1965 0 -32 ) (-1965 0 218 ) 
4 215 234 (-2048 0 402 ) (-2048 0 218 ) (-1965 0 218 ) (-1965 0 402 ) 
4 215 220 (-2048 158 -32 ) (-2048 0 -32 ) (-2048 0 138 ) (-2048 158 138 ) 
4 215 216 (-2048 0 138 ) (-2048 0 402 ) (-2048 158 402 ) (-2048 158 138 ) 
4 216 238 (-2120 0 402 ) (-2240 0 402 ) (-2240 0 138 ) (-2120 0 138 ) 
4 216 237 (-2048 0 138 ) (-2048 0 402 ) (-2120 0 402 ) (-2120 0 138 ) 
4 216 223 (-2239 616 138 ) (-2239 688 138 ) (-2136 688 138 ) (-2136 616 138 ) 
4 216 222 (-2239 688 138 ) (-2239 800 138 ) (-2136 800 138 ) (-2136 688 138 ) 
4 216 224 (-2136 0 138 ) (-2239 0 138 ) (-2239 616 138 ) (-2136 616 138 ) 
4 216 225 (-2239 0 138 ) (-2240 0 138 ) (-2240 800 138 ) (-2239 800 138 ) 
4 216 219 (-2065 253 138 ) (-2065 800 138 ) (-2048 800 138 ) (-2048 253 138 ) 
4 216 220 (-2048 0 138 ) (-2065 0 138 ) (-2065 158 138 ) (-2048 158 138 ) 
4 216 221 (-2065 0 138 ) (-2136 0 138 ) (-2136 800 138 ) (-2065 800 138 ) 
4 216 218 (-2240 800 138 ) (-2240 825 138 ) (-2048 825 138 ) (-2048 800 138 ) 
4 216 217 (-2240 825 138 ) (-2240 1024 138 ) (-2048 1024 138 ) (-2048 825 138 ) 
4 217 218 (-2048 825 138 ) (-2240 825 138 ) (-2240 825 128 ) (-2048 825 128 ) 
4 218 222 (-2136 800 138 ) (-2239 800 138 ) (-2239 800 128 ) (-2136 800 128 ) 
4 218 225 (-2239 800 138 ) (-2240 800 138 ) (-2240 800 128 ) (-2239 800 128 ) 
4 218 219 (-2048 800 138 ) (-2065 800 138 ) (-2065 800 128 ) (-2048 800 128 ) 
4 218 221 (-2065 800 138 ) (-2136 800 138 ) (-2136 800 128 ) (-2065 800 128 ) 
4 219 221 (-2065 800 138 ) (-2065 800 -32 ) (-2065 253 -32 ) (-2065 253 138 ) 
4 220 237 (-2048 0 -32 ) (-2048 0 138 ) (-2065 0 138 ) (-2065 0 -32 ) 
4 220 221 (-2065 158 -32 ) (-2065 0 -32 ) (-2065 0 138 ) (-2065 158 138 ) 
4 221 238 (-2120 0 138 ) (-2136 0 138 ) (-2136 0 -32 ) (-2120 0 -32 ) 
4 221 237 (-2065 0 138 ) (-2120 0 138 ) (-2120 0 -32 ) (-2065 0 -32 ) 
4 221 223 (-2136 616 26 ) (-2136 616 138 ) (-2136 688 138 ) (-2136 688 26 ) 
4 221 222 (-2136 800 138 ) (-2136 800 -32 ) (-2136 688 -32 ) (-2136 688 138 ) 
4 221 224 (-2136 616 -32 ) (-2136 0 -32 ) (-2136 0 138 ) (-2136 616 138 ) 
4 222 223 (-2239 688 138 ) (-2239 688 26 ) (-2136 688 26 ) (-2136 688 138 ) 
4 222 225 (-2239 800 138 ) (-2239 800 -32 ) (-2239 688 -32 ) (-2239 688 138 ) 
4 223 225 (-2239 616 26 ) (-2239 616 138 ) (-2239 688 138 ) (-2239 688 26 ) 
4 223 224 (-2239 616 138 ) (-2239 616 26 ) (-2136 616 26 ) (-2136 616 138 ) 
4 224 238 (-2136 0 138 ) (-2239 0 138 ) (-2239 0 -32 ) (-2136 0 -32 ) 
4 224 225 (-2239 616 -32 ) (-2239 0 -32 ) (-2239 0 138 ) (-2239 616 138 ) 
4 225 238 (-2239 0 138 ) (-2240 0 138 ) (-2240 0 -32 ) (-2239 0 -32 ) 
4 226 229 (-1208 0 -32 ) (-1208 -64 -32 ) (-1208 -64 402 ) (-1208 0 402 ) 
4 226 227 (-1208 -64 402 ) (-1208 -64 128 ) (-1024 -64 128 ) (-1024 -64 402 ) 
4 227 229 (-1208 -104 128 ) (-1208 -104 402 ) (-1208 -64 402 ) (-1208 -64 128 ) 
4 227 228 (-1208 -104 402 ) (-1208 -104 128 ) (-1024 -104 128 ) (-1024 -104 402 ) 
4 228 229 (-1208 -104 -32 ) (-1208 -384 -32 ) (-1208 -384 402 ) (-1208 -104 402 ) 
4 229 230 (-1344 -288 218 ) (-1344 -288 402 ) (-1344 0 402 ) (-1344 0 218 ) 
4 229 231 (-1344 -288 -32 ) (-1344 -384 -32 ) (-1344 -384 402 ) (-1344 -288 402 ) 
4 230 232 (-1440 0 402 ) (-1440 0 218 ) (-1440 -288 218 ) (-1440 -288 402 ) 
4 230 231 (-1344 -288 218 ) (-1344 -288 402 ) (-1440 -288 402 ) (-1440 -288 218 ) 
4 231 233 (-1440 -288 -32 ) (-1440 -384 -32 ) (-1440 -384 128 ) (-1440 -288 128 ) 
4 231 232 (-1440 -384 128 ) (-1440 -384 402 ) (-1440 -288 402 ) (-1440 -288 128 ) 
4 232 235 (-1925 -384 128 ) (-1925 -384 218 ) (-1925 -195 218 ) (-1925 -195 128 ) 
4 232 234 (-1925 -384 218 ) (-1925 -384 402 ) (-1925 0 402 ) (-1925 0 218 ) 
4 232 233 (-1925 -384 128 ) (-1925 -195 128 ) (-1440 -195 128 ) (-1440 -384 128 ) 
4 233 235 (-1925 -195 -32 ) (-1925 -384 -32 ) (-1925 -384 128 ) (-1925 -195 128 ) 
4 234 237 (-2048 0 402 ) (-2048 0 218 ) (-2048 -384 218 ) (-2048 -384 402 ) 
4 234 235 (-1925 -195 218 ) (-1925 -384 218 ) (-1965 -384 218 ) (-1965 -195 218 ) 
4 234 236 (-1965 -384 218 ) (-2048 -384 218 ) (-2048 0 218 ) (-1965 0 218 ) 
4 235 236 (-1965 -195 -32 ) (-1965 -384 -32 ) (-1965 -384 218 ) (-1965 -195 218 ) 
4 236 237 (-2048 0 218 ) (-2048 0 -32 ) (-2048 -384 -32 ) (-2048 -384 218 ) 
4 237 239 (-2120 -384 53 ) (-2120 -384 402 ) (-2120 -280 402 ) (-2120 -280 53 ) 
4 237 238 (-2120 0 -32 ) (-2120 -280 -32 ) (-2120 -280 402 ) (-2120 0 402 ) 
4 238 239 (-2120 -280 53 ) (-2120 -280 402 ) (-2240 -280 402 ) (-2240 -280 53 ) 
